c:\users\vladu\documents\github\egc\tema3\visual studio\obj\x64\debug\framework_egc\simplescene.obj
c:\users\vladu\documents\github\egc\tema3\visual studio\obj\x64\debug\framework_egc\laborator8.obj
c:\users\vladu\documents\github\egc\tema3\visual studio\obj\x64\debug\framework_egc\texture2d.obj
c:\users\vladu\documents\github\egc\tema3\visual studio\obj\x64\debug\framework_egc\laborator1.obj
c:\users\vladu\documents\github\egc\tema3\visual studio\obj\x64\debug\framework_egc\perlinnoise.obj
c:\users\vladu\documents\github\egc\tema3\visual studio\obj\x64\debug\framework_egc\engine.obj
c:\users\vladu\documents\github\egc\tema3\visual studio\obj\x64\debug\framework_egc\object2d.obj
c:\users\vladu\documents\github\egc\tema3\visual studio\obj\x64\debug\framework_egc\ppm.obj
c:\users\vladu\documents\github\egc\tema3\visual studio\obj\x64\debug\framework_egc\inputcontroller.obj
c:\users\vladu\documents\github\egc\tema3\visual studio\obj\x64\debug\framework_egc\laborator6.obj
c:\users\vladu\documents\github\egc\tema3\visual studio\obj\x64\debug\framework_egc\shader.obj
c:\users\vladu\documents\github\egc\tema3\visual studio\obj\x64\debug\framework_egc\gl.obj
c:\users\vladu\documents\github\egc\tema3\visual studio\obj\x64\debug\framework_egc\laborator9.obj
c:\users\vladu\documents\github\egc\tema3\visual studio\obj\x64\debug\framework_egc\gpubuffers.obj
c:\users\vladu\documents\github\egc\tema3\visual studio\obj\x64\debug\framework_egc\laborator3_vis2d.obj
c:\users\vladu\documents\github\egc\tema3\visual studio\obj\x64\debug\framework_egc\texturemanager.obj
c:\users\vladu\documents\github\egc\tema3\visual studio\obj\x64\debug\framework_egc\world.obj
c:\users\vladu\documents\github\egc\tema3\visual studio\obj\x64\debug\framework_egc\main.obj
c:\users\vladu\documents\github\egc\tema3\visual studio\obj\x64\debug\framework_egc\camerainput.obj
c:\users\vladu\documents\github\egc\tema3\visual studio\obj\x64\debug\framework_egc\laborator3.obj
c:\users\vladu\documents\github\egc\tema3\visual studio\obj\x64\debug\framework_egc\windowobject.obj
c:\users\vladu\documents\github\egc\tema3\visual studio\obj\x64\debug\framework_egc\laborator5.obj
c:\users\vladu\documents\github\egc\tema3\visual studio\obj\x64\debug\framework_egc\mesh.obj
c:\users\vladu\documents\github\egc\tema3\visual studio\obj\x64\debug\framework_egc\laborator7.obj
c:\users\vladu\documents\github\egc\tema3\visual studio\obj\x64\debug\framework_egc\sceneinput.obj
c:\users\vladu\documents\github\egc\tema3\visual studio\obj\x64\debug\framework_egc\laborator2.obj
c:\users\vladu\documents\github\egc\tema3\visual studio\obj\x64\debug\framework_egc\windowcallbacks.obj
c:\users\vladu\documents\github\egc\tema3\visual studio\obj\x64\debug\framework_egc\laborator4.obj
c:\users\vladu\documents\github\egc\tema3\visual studio\obj\x64\debug\framework_egc\vc142.pdb
c:\users\vladu\documents\github\egc\tema3\visual studio\obj\x64\debug\framework_egc\worms.obj
c:\users\vladu\documents\github\egc\tema3\x64\debug\framework_egc.exe
c:\users\vladu\documents\github\egc\tema3\x64\debug\framework_egc.ilk
c:\users\vladu\documents\github\egc\tema3\x64\debug\framework_egc.pdb
c:\users\vladu\documents\github\egc\tema3\visual studio\..\x64\debug\framework_egc.exe
c:\users\vladu\documents\github\egc\tema3\visual studio\obj\x64\debug\framework_egc\framework_egc.tlog\cl.command.1.tlog
c:\users\vladu\documents\github\egc\tema3\visual studio\obj\x64\debug\framework_egc\framework_egc.tlog\cl.read.1.tlog
c:\users\vladu\documents\github\egc\tema3\visual studio\obj\x64\debug\framework_egc\framework_egc.tlog\cl.write.1.tlog
c:\users\vladu\documents\github\egc\tema3\visual studio\obj\x64\debug\framework_egc\framework_egc.tlog\link.command.1.tlog
c:\users\vladu\documents\github\egc\tema3\visual studio\obj\x64\debug\framework_egc\framework_egc.tlog\link.read.1.tlog
c:\users\vladu\documents\github\egc\tema3\visual studio\obj\x64\debug\framework_egc\framework_egc.tlog\link.write.1.tlog
