c:\users\vladu\documents\github\myworms3d\visual studio\obj\x64\release\framework_egc\camerainput.obj
c:\users\vladu\documents\github\myworms3d\visual studio\obj\x64\release\framework_egc\worms.obj
c:\users\vladu\documents\github\myworms3d\visual studio\obj\x64\release\framework_egc\windowobject.obj
c:\users\vladu\documents\github\myworms3d\visual studio\obj\x64\release\framework_egc\windowcallbacks.obj
c:\users\vladu\documents\github\myworms3d\visual studio\obj\x64\release\framework_egc\shader.obj
c:\users\vladu\documents\github\myworms3d\visual studio\obj\x64\release\framework_egc\gl.obj
c:\users\vladu\documents\github\myworms3d\visual studio\obj\x64\release\framework_egc\engine.obj
c:\users\vladu\documents\github\myworms3d\visual studio\obj\x64\release\framework_egc\mesh.obj
c:\users\vladu\documents\github\myworms3d\visual studio\obj\x64\release\framework_egc\gpubuffers.obj
c:\users\vladu\documents\github\myworms3d\visual studio\obj\x64\release\framework_egc\simplescene.obj
c:\users\vladu\documents\github\myworms3d\visual studio\obj\x64\release\framework_egc\texture2d.obj
c:\users\vladu\documents\github\myworms3d\visual studio\obj\x64\release\framework_egc\main.obj
c:\users\vladu\documents\github\myworms3d\visual studio\obj\x64\release\framework_egc\sceneinput.obj
c:\users\vladu\documents\github\myworms3d\visual studio\obj\x64\release\framework_egc\texturemanager.obj
c:\users\vladu\documents\github\myworms3d\visual studio\obj\x64\release\framework_egc\world.obj
c:\users\vladu\documents\github\myworms3d\visual studio\obj\x64\release\framework_egc\inputcontroller.obj
c:\users\vladu\documents\github\myworms3d\visual studio\obj\x64\release\framework_egc\vc142.pdb
c:\users\vladu\documents\github\myworms3d\x64\release\framework_egc.ipdb
c:\users\vladu\documents\github\myworms3d\x64\release\framework_egc.iobj
c:\users\vladu\documents\github\myworms3d\x64\release\framework_egc.exe
c:\users\vladu\documents\github\myworms3d\x64\release\framework_egc.pdb
c:\users\vladu\documents\github\myworms3d\visual studio\..\x64\release\framework_egc.exe
c:\users\vladu\documents\github\myworms3d\visual studio\obj\x64\release\framework_egc\framework_egc.tlog\cl.10960.write.1.tlog
c:\users\vladu\documents\github\myworms3d\visual studio\obj\x64\release\framework_egc\framework_egc.tlog\cl.command.1.tlog
c:\users\vladu\documents\github\myworms3d\visual studio\obj\x64\release\framework_egc\framework_egc.tlog\cl.read.1.tlog
c:\users\vladu\documents\github\myworms3d\visual studio\obj\x64\release\framework_egc\framework_egc.tlog\framework_egc.write.1u.tlog
c:\users\vladu\documents\github\myworms3d\visual studio\obj\x64\release\framework_egc\framework_egc.tlog\link.command.1.tlog
c:\users\vladu\documents\github\myworms3d\visual studio\obj\x64\release\framework_egc\framework_egc.tlog\link.read.1.tlog
c:\users\vladu\documents\github\myworms3d\visual studio\obj\x64\release\framework_egc\framework_egc.tlog\link.write.1.tlog
